#
# A fatal error has been detected by the Java Runtime Environment:
#
#  EXCEPTION_IN_PAGE_ERROR (0xc0000006) at pc=0x65e7fbfe, pid=12936, tid=0x00002dbc
#
# JRE version: Java(TM) SE Runtime Environment (8.0_191-b12) (build 1.8.0_191-b12)
# Java VM: Java HotSpot(TM) Client VM (25.191-b12 mixed mode windows-x86 )
# Problematic frame:
# C  [msvcr100.dll+0x8fbfe]
#
# Failed to write core dump. Minidumps are not enabled by default on client versions of Windows
#
# If you would like to submit a bug report, please visit:
#   http://bugreport.java.com/bugreport/crash.jsp
# The crash happened outside the Java Virtual Machine in native code.
# See problematic frame for where to report the bug.
#

---------------  T H R E A D  ---------------

Current thread (0x28831800):  JavaThread "AWT-EventQueue-0" [_thread_in_native, id=11708, stack(0x03020000,0x03070000)]

siginfo: ExceptionCode=0xc0000006, ExceptionInformation=0x00000008 0x65e7fbfe 0xc0000098 

Registers:
EAX=0x28783f10, EBX=0x28783ef0, ECX=0x00000000, EDX=0x273f2b8c
ESP=0x0306e1c8, EBP=0x0306e2bc, ESI=0x0306e490, EDI=0x28831940
EIP=0x65e7fbfe, EFLAGS=0x00010206

Top of Stack: (sp=0x0306e1c8)
0x0306e1c8:   65e000ae 28783f10 80000026 00000000
0x0306e1d8:   00000000 00000000 00000000 25a6ea18
0x0306e1e8:   26011c5c 00000000 0000000a 0306e170
0x0306e1f8:   0306e23c 0000000a 02180000 0574f610
0x0306e208:   287e0cc8 28831800 00000000 00720000
0x0306e218:   00000002 0306e248 0306e248 65f56c36
0x0306e228:   28783ef0 00002727 65f44584 28783ee0
0x0306e238:   00002727 00000000 0306e274 27a3f958 

Instructions: (pc=0x65e7fbfe)
0x65e7fbde:   
[error occurred during error reporting (printing registers, top of stack, instructions near pc), id 0xc0000006]

Register to memory mapping:

EAX=0x28783f10 is an unknown value
EBX=0x28783ef0 is an unknown value
ECX=0x00000000 is an unknown value
EDX=0x273f2b8c is an unknown value
ESP=0x0306e1c8 is pointing into the stack for thread: 0x28831800
EBP=0x0306e2bc is pointing into the stack for thread: 0x28831800
ESI=0x0306e490 is pointing into the stack for thread: 0x28831800
EDI=0x28831940 is an unknown value


Stack: [0x03020000,0x03070000],  sp=0x0306e1c8,  free space=312k
Native frames: (J=compiled Java code, j=interpreted, Vv=VM code, C=native code)
C  [msvcr100.dll+0x8fbfe]
C  [t2k.dll+0x14912]
j  sun.font.T2KFontScaler.initNativeScaler(Lsun/font/Font2D;IIZI[I)J+0
j  sun.font.T2KFontScaler.<init>(Lsun/font/Font2D;IZI)V+51
v  ~StubRoutines::call_stub
V  [jvm.dll+0x15c315]
V  [jvm.dll+0x223ece]
V  [jvm.dll+0x15c3ae]
V  [jvm.dll+0x168de8]
V  [jvm.dll+0x169191]
V  [jvm.dll+0x105188]
C  [java.dll+0x3bf7]
j  sun.reflect.NativeConstructorAccessorImpl.newInstance([Ljava/lang/Object;)Ljava/lang/Object;+85
J 575 C1 sun.reflect.DelegatingConstructorAccessorImpl.newInstance([Ljava/lang/Object;)Ljava/lang/Object; (9 bytes) @ 0x0335c7f8 [0x0335c7d0+0x28]
J 574 C1 java.lang.reflect.Constructor.newInstance([Ljava/lang/Object;)Ljava/lang/Object; (87 bytes) @ 0x0335c408 [0x0335c320+0xe8]
j  sun.font.FontScaler.getScaler(Lsun/font/Font2D;IZI)Lsun/font/FontScaler;+39
j  sun.font.TrueTypeFont.getScaler()Lsun/font/FontScaler;+21
j  sun.font.FileFontStrike.<init>(Lsun/font/FileFont;Lsun/font/FontStrikeDesc;)V+204
j  sun.font.FileFont.createStrike(Lsun/font/FontStrikeDesc;)Lsun/font/FontStrike;+18
j  sun.font.Font2D.getStrike(Lsun/font/FontStrikeDesc;Z)Lsun/font/FontStrike;+92
J 2273 C1 sun.font.CompositeStrike.getStrikeForSlot(I)Lsun/font/PhysicalStrike; (53 bytes) @ 0x035f5824 [0x035f57b0+0x74]
j  sun.font.CompositeStrike.getStrikeForGlyph(I)Lsun/font/PhysicalStrike;+5
j  sun.font.CompositeStrike.getGlyphImagePtrs([I[JI)V+39
j  sun.font.GlyphList.mapChars(Lsun/java2d/loops/FontInfo;I)Z+37
j  sun.font.GlyphList.setFromString(Lsun/java2d/loops/FontInfo;Ljava/lang/String;FF)Z+71
j  sun.java2d.pipe.GlyphListPipe.drawString(Lsun/java2d/SunGraphics2D;Ljava/lang/String;DD)V+146
j  sun.java2d.SunGraphics2D.drawString(Ljava/lang/String;II)V+68
j  processing.app.EditorStatus.paintComponent(Ljava/awt/Graphics;)V+239
j  javax.swing.JComponent.paint(Ljava/awt/Graphics;)V+286
j  javax.swing.JComponent.paintToOffscreen(Ljava/awt/Graphics;IIIIII)V+41
J 2558 C1 javax.swing.RepaintManager$PaintManager.paintDoubleBuffered(Ljavax/swing/JComponent;Ljava/awt/Image;Ljava/awt/Graphics;IIII)V (294 bytes) @ 0x032b8324 [0x032b81e0+0x144]
j  javax.swing.RepaintManager$PaintManager.paint(Ljavax/swing/JComponent;Ljavax/swing/JComponent;Ljava/awt/Graphics;IIII)Z+116
j  javax.swing.RepaintManager.paint(Ljavax/swing/JComponent;Ljavax/swing/JComponent;Ljava/awt/Graphics;IIII)V+51
J 1792 C1 javax.swing.JComponent._paintImmediately(IIII)V (891 bytes) @ 0x03517fbc [0x03517420+0xb9c]
j  javax.swing.JComponent.paintImmediately(IIII)V+138
j  javax.swing.RepaintManager$4.run()Ljava/lang/Void;+81
j  javax.swing.RepaintManager$4.run()Ljava/lang/Object;+1
v  ~StubRoutines::call_stub
V  [jvm.dll+0x15c315]
V  [jvm.dll+0x223ece]
V  [jvm.dll+0x15c3ae]
V  [jvm.dll+0x10c35f]
C  [java.dll+0x102f]
J 2157 C1 javax.swing.RepaintManager.paintDirtyRegions(Ljava/util/Map;)V (196 bytes) @ 0x035d16fc [0x035d1320+0x3dc]
J 2251 C1 javax.swing.RepaintManager.paintDirtyRegions()V (50 bytes) @ 0x035ef624 [0x035ef4e0+0x144]
J 2247 C1 javax.swing.RepaintManager.prePaintDirtyRegions()V (91 bytes) @ 0x035ed5f4 [0x035ed430+0x1c4]
J 2218 C1 javax.swing.RepaintManager$ProcessingRunnable.run()V (41 bytes) @ 0x035e5224 [0x035e50f0+0x134]
J 2090 C1 java.awt.event.InvocationEvent.dispatch()V (69 bytes) @ 0x035c105c [0x035c0f70+0xec]
J 2048 C1 java.awt.EventQueue.dispatchEventImpl(Ljava/awt/AWTEvent;Ljava/lang/Object;)V (149 bytes) @ 0x035b408c [0x035b3bd0+0x4bc]
J 2045 C1 java.awt.EventQueue$3.run()Ljava/lang/Void; (60 bytes) @ 0x035b335c [0x035b3300+0x5c]
J 2044 C1 java.awt.EventQueue$3.run()Ljava/lang/Object; (5 bytes) @ 0x035b30e0 [0x035b30c0+0x20]
v  ~StubRoutines::call_stub
V  [jvm.dll+0x15c315]
V  [jvm.dll+0x223ece]
V  [jvm.dll+0x15c3ae]
V  [jvm.dll+0x10c35f]
C  [java.dll+0x102f]
J 2041 C1 java.awt.EventQueue.dispatchEvent(Ljava/awt/AWTEvent;)V (80 bytes) @ 0x035b1ec8 [0x035b1cc0+0x208]
J 2082 C1 java.awt.EventDispatchThread.pumpOneEventForFilters(I)V (190 bytes) @ 0x035bd918 [0x035bd520+0x3f8]
J 2415 C1 java.awt.EventDispatchThread.pumpEventsForFilter(ILjava/awt/Conditional;Ljava/awt/EventFilter;)V (47 bytes) @ 0x036368d0 [0x03636830+0xa0]
j  java.awt.EventDispatchThread.pumpEventsForHierarchy(ILjava/awt/Conditional;Ljava/awt/Component;)V+11
j  java.awt.EventDispatchThread.pumpEvents(ILjava/awt/Conditional;)V+4
j  java.awt.EventDispatchThread.pumpEvents(Ljava/awt/Conditional;)V+3
j  java.awt.EventDispatchThread.run()V+9
v  ~StubRoutines::call_stub
V  [jvm.dll+0x15c315]
V  [jvm.dll+0x223ece]
V  [jvm.dll+0x15c3ae]
V  [jvm.dll+0x15c536]
V  [jvm.dll+0x15c5a7]
V  [jvm.dll+0x1002ef]
V  [jvm.dll+0x17f550]
V  [jvm.dll+0x17fdca]
V  [jvm.dll+0x1c57a6]
C  [msvcr100.dll+0x5c556]
C  [msvcr100.dll+0x5c600]
C  [KERNEL32.DLL+0x1fa29]
C  [ntdll.dll+0x67a9e]
C  [ntdll.dll+0x67a6e]
C  0x00000000

Java frames: (J=compiled Java code, j=interpreted, Vv=VM code)
j  sun.font.T2KFontScaler.initNativeScaler(Lsun/font/Font2D;IIZI[I)J+0
j  sun.font.T2KFontScaler.<init>(Lsun/font/Font2D;IZI)V+51
v  ~StubRoutines::call_stub
j  sun.reflect.NativeConstructorAccessorImpl.newInstance0(Ljava/lang/reflect/Constructor;[Ljava/lang/Object;)Ljava/lang/Object;+0
j  sun.reflect.NativeConstructorAccessorImpl.newInstance([Ljava/lang/Object;)Ljava/lang/Object;+85
J 575 C1 sun.reflect.DelegatingConstructorAccessorImpl.newInstance([Ljava/lang/Object;)Ljava/lang/Object; (9 bytes) @ 0x0335c7f8 [0x0335c7d0+0x28]
J 574 C1 java.lang.reflect.Constructor.newInstance([Ljava/lang/Object;)Ljava/lang/Object; (87 bytes) @ 0x0335c408 [0x0335c320+0xe8]
j  sun.font.FontScaler.getScaler(Lsun/font/Font2D;IZI)Lsun/font/FontScaler;+39
j  sun.font.TrueTypeFont.getScaler()Lsun/font/FontScaler;+21
j  sun.font.FileFontStrike.<init>(Lsun/font/FileFont;Lsun/font/FontStrikeDesc;)V+204
j  sun.font.FileFont.createStrike(Lsun/font/FontStrikeDesc;)Lsun/font/FontStrike;+18
j  sun.font.Font2D.getStrike(Lsun/font/FontStrikeDesc;Z)Lsun/font/FontStrike;+92
J 2273 C1 sun.font.CompositeStrike.getStrikeForSlot(I)Lsun/font/PhysicalStrike; (53 bytes) @ 0x035f5824 [0x035f57b0+0x74]
j  sun.font.CompositeStrike.getStrikeForGlyph(I)Lsun/font/PhysicalStrike;+5
j  sun.font.CompositeStrike.getGlyphImagePtrs([I[JI)V+39
j  sun.font.GlyphList.mapChars(Lsun/java2d/loops/FontInfo;I)Z+37
j  sun.font.GlyphList.setFromString(Lsun/java2d/loops/FontInfo;Ljava/lang/String;FF)Z+71
j  sun.java2d.pipe.GlyphListPipe.drawString(Lsun/java2d/SunGraphics2D;Ljava/lang/String;DD)V+146
j  sun.java2d.SunGraphics2D.drawString(Ljava/lang/String;II)V+68
j  processing.app.EditorStatus.paintComponent(Ljava/awt/Graphics;)V+239
j  javax.swing.JComponent.paint(Ljava/awt/Graphics;)V+286
j  javax.swing.JComponent.paintToOffscreen(Ljava/awt/Graphics;IIIIII)V+41
J 2558 C1 javax.swing.RepaintManager$PaintManager.paintDoubleBuffered(Ljavax/swing/JComponent;Ljava/awt/Image;Ljava/awt/Graphics;IIII)V (294 bytes) @ 0x032b8324 [0x032b81e0+0x144]
j  javax.swing.RepaintManager$PaintManager.paint(Ljavax/swing/JComponent;Ljavax/swing/JComponent;Ljava/awt/Graphics;IIII)Z+116
j  javax.swing.RepaintManager.paint(Ljavax/swing/JComponent;Ljavax/swing/JComponent;Ljava/awt/Graphics;IIII)V+51
J 1792 C1 javax.swing.JComponent._paintImmediately(IIII)V (891 bytes) @ 0x03517fbc [0x03517420+0xb9c]
j  javax.swing.JComponent.paintImmediately(IIII)V+138
j  javax.swing.RepaintManager$4.run()Ljava/lang/Void;+81
j  javax.swing.RepaintManager$4.run()Ljava/lang/Object;+1
v  ~StubRoutines::call_stub
J 1739  java.security.AccessController.doPrivileged(Ljava/security/PrivilegedAction;Ljava/security/AccessControlContext;)Ljava/lang/Object; (0 bytes) @ 0x0350cfc7 [0x0350cf60+0x67]
J 2157 C1 javax.swing.RepaintManager.paintDirtyRegions(Ljava/util/Map;)V (196 bytes) @ 0x035d16fc [0x035d1320+0x3dc]
J 2251 C1 javax.swing.RepaintManager.paintDirtyRegions()V (50 bytes) @ 0x035ef624 [0x035ef4e0+0x144]
J 2247 C1 javax.swing.RepaintManager.prePaintDirtyRegions()V (91 bytes) @ 0x035ed5f4 [0x035ed430+0x1c4]
J 2218 C1 javax.swing.RepaintManager$ProcessingRunnable.run()V (41 bytes) @ 0x035e5224 [0x035e50f0+0x134]
J 2090 C1 java.awt.event.InvocationEvent.dispatch()V (69 bytes) @ 0x035c105c [0x035c0f70+0xec]
J 2048 C1 java.awt.EventQueue.dispatchEventImpl(Ljava/awt/AWTEvent;Ljava/lang/Object;)V (149 bytes) @ 0x035b408c [0x035b3bd0+0x4bc]
J 2045 C1 java.awt.EventQueue$3.run()Ljava/lang/Void; (60 bytes) @ 0x035b335c [0x035b3300+0x5c]
J 2044 C1 java.awt.EventQueue$3.run()Ljava/lang/Object; (5 bytes) @ 0x035b30e0 [0x035b30c0+0x20]
v  ~StubRoutines::call_stub
J 1739  java.security.AccessController.doPrivileged(Ljava/security/PrivilegedAction;Ljava/security/AccessControlContext;)Ljava/lang/Object; (0 bytes) @ 0x0350cfc7 [0x0350cf60+0x67]
J 2041 C1 java.awt.EventQueue.dispatchEvent(Ljava/awt/AWTEvent;)V (80 bytes) @ 0x035b1ec8 [0x035b1cc0+0x208]
J 2082 C1 java.awt.EventDispatchThread.pumpOneEventForFilters(I)V (190 bytes) @ 0x035bd918 [0x035bd520+0x3f8]
J 2415 C1 java.awt.EventDispatchThread.pumpEventsForFilter(ILjava/awt/Conditional;Ljava/awt/EventFilter;)V (47 bytes) @ 0x036368d0 [0x03636830+0xa0]
j  java.awt.EventDispatchThread.pumpEventsForHierarchy(ILjava/awt/Conditional;Ljava/awt/Component;)V+11
j  java.awt.EventDispatchThread.pumpEvents(ILjava/awt/Conditional;)V+4
j  java.awt.EventDispatchThread.pumpEvents(Ljava/awt/Conditional;)V+3
j  java.awt.EventDispatchThread.run()V+9
v  ~StubRoutines::call_stub

---------------  P R O C E S S  ---------------

Java Threads: ( => current thread )
  0x28832000 JavaThread "Thread-17" [_thread_blocked, id=13076, stack(0x269d0000,0x26a20000)]
=>0x28831800 JavaThread "AWT-EventQueue-0" [_thread_in_native, id=11708, stack(0x03020000,0x03070000)]
  0x28835800 JavaThread "DestroyJavaVM" [_thread_blocked, id=10776, stack(0x026d0000,0x02720000)]
  0x259efc00 JavaThread "TimerQueue" daemon [_thread_blocked, id=9748, stack(0x2a1f0000,0x2a240000)]
  0x259f1c00 JavaThread "AWT-Shutdown" [_thread_blocked, id=10844, stack(0x26dc0000,0x26e10000)]
  0x259f0c00 JavaThread "Batik CleanerThread" daemon [_thread_blocked, id=3784, stack(0x26980000,0x269d0000)]
  0x259f1000 JavaThread "JmDNS(192-168-1-2.local.).State.Timer" [_thread_blocked, id=3120, stack(0x28530000,0x28580000)]
  0x259f3000 JavaThread "JmDNS(192-168-1-2.local.).Timer" daemon [_thread_blocked, id=1272, stack(0x284a0000,0x284f0000)]
  0x259f2800 JavaThread "SocketListener(192-168-1-2.local.)" daemon [_thread_in_native, id=15172, stack(0x28410000,0x28460000)]
  0x259e9000 JavaThread "JmDNS(fe80-0-0-0-a195-de38-dc69-7d0-wlan1.local.).State.Timer" [_thread_blocked, id=2972, stack(0x282f0000,0x28340000)]
  0x259e8800 JavaThread "JmDNS(fe80-0-0-0-a195-de38-dc69-7d0-wlan1.local.).Timer" daemon [_thread_blocked, id=6368, stack(0x28230000,0x28280000)]
  0x275ba800 JavaThread "SocketListener(fe80-0-0-0-a195-de38-dc69-7d0-wlan1.local.)" daemon [_thread_in_native, id=14576, stack(0x281a0000,0x281f0000)]
  0x27598400 JavaThread "Multihomed mDNS.Timer" daemon [_thread_blocked, id=3460, stack(0x02120000,0x02170000)]
  0x2754bc00 JavaThread "cc.arduino.packages.discoverers.serial.SerialDiscovery" [_thread_blocked, id=10784, stack(0x28110000,0x28160000)]
  0x262cf000 JavaThread "AWT-Windows" daemon [_thread_in_native, id=9428, stack(0x26720000,0x26770000)]
  0x262c7c00 JavaThread "Java2D Disposer" daemon [_thread_blocked, id=1764, stack(0x26600000,0x26650000)]
  0x259a5000 JavaThread "Service Thread" daemon [_thread_blocked, id=10788, stack(0x25f00000,0x25f50000)]
  0x25974c00 JavaThread "C1 CompilerThread0" daemon [_thread_blocked, id=15340, stack(0x25e70000,0x25ec0000)]
  0x25974000 JavaThread "Attach Listener" daemon [_thread_blocked, id=5116, stack(0x25de0000,0x25e30000)]
  0x25949400 JavaThread "Signal Dispatcher" daemon [_thread_blocked, id=13752, stack(0x25d50000,0x25da0000)]
  0x2592cc00 JavaThread "Finalizer" daemon [_thread_blocked, id=2424, stack(0x25c30000,0x25c80000)]
  0x25926c00 JavaThread "Reference Handler" daemon [_thread_blocked, id=9276, stack(0x25ba0000,0x25bf0000)]

Other Threads:
  0x25911800 VMThread [stack: 0x25b10000,0x25b60000] [id=7472]
  0x259b1800 WatcherThread [stack: 0x25f90000,0x25fe0000] [id=10024]

VM state:not at safepoint (normal execution)

VM Mutex/Monitor currently owned by a thread: None

Heap:
 def new generation   total 47040K, used 4067K [0x05400000, 0x08700000, 0x0fea0000)
  eden space 41856K,   8% used [0x05400000, 0x05786cb8, 0x07ce0000)
  from space 5184K,   8% used [0x07ce0000, 0x07d51f60, 0x081f0000)
  to   space 5184K,   0% used [0x081f0000, 0x081f0000, 0x08700000)
 tenured generation   total 104348K, used 60716K [0x0fea0000, 0x16487000, 0x25400000)
   the space 104348K,  58% used [0x0fea0000, 0x139eb178, 0x139eb200, 0x16487000)
 Metaspace       used 20728K, capacity 21258K, committed 21504K, reserved 21888K

Card table byte_map: [0x05280000,0x05390000] byte_map_base: 0x05256000

Polling page: 0x03190000

CodeCache: size=32768Kb used=4229Kb max_used=4408Kb free=28538Kb
 bounds [0x03200000, 0x03650000, 0x05200000]
 total_blobs=2590 nmethods=2312 adapters=208
 compilation: enabled

Compilation events (10 events):

[error occurred during error reporting (printing ring buffers), id 0xc0000006]

Dynamic libraries:
0x00320000 - 0x00353000 	D:\Arduino\arduino-1.8.5-windows\Arduino\java\bin\javaw.exe
0x76f40000 - 0x770e3000 	C:\Windows\SYSTEM32\ntdll.dll
0x74eb0000 - 0x74fa0000 	C:\Windows\System32\KERNEL32.DLL
0x763d0000 - 0x765e4000 	C:\Windows\System32\KERNELBASE.dll
0x75c30000 - 0x75cab000 	C:\Windows\System32\ADVAPI32.dll
0x76db0000 - 0x76e6f000 	C:\Windows\System32\msvcrt.dll
0x75e70000 - 0x75ee6000 	C:\Windows\System32\sechost.dll
0x76160000 - 0x7621e000 	C:\Windows\System32\RPCRT4.dll
0x75a90000 - 0x75c30000 	C:\Windows\System32\USER32.dll
0x74e90000 - 0x74ea8000 	C:\Windows\System32\win32u.dll
0x765f0000 - 0x76614000 	C:\Windows\System32\GDI32.dll
0x75070000 - 0x7514e000 	C:\Windows\System32\gdi32full.dll
0x74e10000 - 0x74e8b000 	C:\Windows\System32\msvcp_win.dll
0x75d50000 - 0x75e70000 	C:\Windows\System32\ucrtbase.dll
0x6f2f0000 - 0x6f500000 	C:\Windows\WinSxS\x86_microsoft.windows.common-controls_6595b64144ccf1df_6.0.19041.1110_none_a8625c1886757984\COMCTL32.dll
0x75f30000 - 0x75f55000 	C:\Windows\System32\IMM32.DLL
0x65df0000 - 0x65eaf000 	D:\Arduino\arduino-1.8.5-windows\Arduino\java\bin\msvcr100.dll
0x50960000 - 0x50d33000 	D:\Arduino\arduino-1.8.5-windows\Arduino\java\bin\client\jvm.dll
0x75610000 - 0x75616000 	C:\Windows\System32\PSAPI.DLL
0x74d70000 - 0x74d98000 	C:\Windows\SYSTEM32\WINMM.dll
0x73d20000 - 0x73d28000 	C:\Windows\SYSTEM32\VERSION.dll
0x6f980000 - 0x6f988000 	C:\Windows\SYSTEM32\WSOCK32.dll
0x75730000 - 0x75793000 	C:\Windows\System32\WS2_32.dll
0x65dc0000 - 0x65df0000 	D:\Arduino\arduino-1.8.5-windows\Arduino\java\bin\splashscreen.dll
0x6f990000 - 0x6fa04000 	C:\Windows\system32\uxtheme.dll
0x75800000 - 0x75a81000 	C:\Windows\System32\combase.dll
0x76620000 - 0x766f4000 	C:\Windows\System32\MSCTF.dll
0x75cb0000 - 0x75d46000 	C:\Windows\System32\OLEAUT32.dll
0x73d40000 - 0x73d4f000 	C:\Windows\SYSTEM32\kernel.appcore.dll
0x757a0000 - 0x757ff000 	C:\Windows\System32\bcryptPrimitives.dll
0x6e380000 - 0x6e439000 	C:\Windows\SYSTEM32\textinputframework.dll
0x6e2e0000 - 0x6e37b000 	C:\Windows\System32\CoreMessaging.dll
0x6e060000 - 0x6e2de000 	C:\Windows\System32\CoreUIComponents.dll
0x75640000 - 0x756c7000 	C:\Windows\System32\SHCORE.dll
0x70a50000 - 0x70a79000 	C:\Windows\SYSTEM32\ntmarta.dll
0x6df80000 - 0x6e05b000 	C:\Windows\SYSTEM32\wintypes.dll
0x76700000 - 0x767e3000 	C:\Windows\System32\ole32.dll
0x75590000 - 0x7560e000 	C:\Windows\System32\clbcatq.dll
0x6ee10000 - 0x6eed2000 	C:\Windows\SYSTEM32\PROPSYS.dll
0x65db0000 - 0x65dbc000 	D:\Arduino\arduino-1.8.5-windows\Arduino\java\bin\verify.dll
0x65d80000 - 0x65da2000 	D:\Arduino\arduino-1.8.5-windows\Arduino\java\bin\java.dll
0x76e80000 - 0x76ec5000 	C:\Windows\System32\SHLWAPI.dll
0x68f50000 - 0x68f82000 	C:\Windows\System32\IME\IMEKR\imkrapi.dll
0x68ec0000 - 0x68f43000 	C:\Windows\SYSTEM32\policymanager.dll
0x6fa10000 - 0x6fa75000 	C:\Windows\SYSTEM32\msvcp110_win.dll
0x68e80000 - 0x68eb4000 	C:\Windows\System32\IME\shared\imjkapi.dll
0x65d60000 - 0x65d74000 	D:\Arduino\arduino-1.8.5-windows\Arduino\java\bin\zip.dll
0x767f0000 - 0x76da6000 	C:\Windows\System32\SHELL32.dll
0x720f0000 - 0x726fd000 	C:\Windows\SYSTEM32\windows.storage.dll
0x72030000 - 0x72055000 	C:\Windows\SYSTEM32\Wldp.dll
0x71ff0000 - 0x72008000 	C:\Windows\SYSTEM32\profapi.dll
0x61940000 - 0x619b3000 	D:\Arduino\arduino-1.8.5-windows\Arduino\lib\listSerialsj.dll
0x75150000 - 0x7558c000 	C:\Windows\System32\SETUPAPI.dll
0x75ef0000 - 0x75f2b000 	C:\Windows\System32\cfgmgr32.dll
0x75620000 - 0x75639000 	C:\Windows\System32\bcrypt.dll
0x65d40000 - 0x65d5d000 	D:\Arduino\arduino-1.8.5-windows\Arduino\lib\jnidispatch-4.2.2-win32-x86.dll
0x65d20000 - 0x65d35000 	D:\Arduino\arduino-1.8.5-windows\Arduino\java\bin\net.dll
0x74d10000 - 0x74d62000 	C:\Windows\system32\mswsock.dll
0x65d10000 - 0x65d1f000 	D:\Arduino\arduino-1.8.5-windows\Arduino\java\bin\nio.dll
0x50fa0000 - 0x510e7000 	D:\Arduino\arduino-1.8.5-windows\Arduino\java\bin\awt.dll
0x6ef60000 - 0x6efff000 	C:\Windows\SYSTEM32\apphelp.dll
0x69a70000 - 0x69a96000 	C:\Windows\system32\DWMAPI.DLL
0x65f70000 - 0x65fa9000 	D:\Arduino\arduino-1.8.5-windows\Arduino\java\bin\fontmanager.dll
0x6af70000 - 0x6b073000 	C:\Windows\system32\opengl32.dll
0x6aa40000 - 0x6aa7f000 	C:\Windows\SYSTEM32\GLU32.dll
0x65f30000 - 0x65f62000 	D:\Arduino\arduino-1.8.5-windows\Arduino\java\bin\t2k.dll
0x720c0000 - 0x720eb000 	C:\Windows\SYSTEM32\DEVOBJ.dll
0x76220000 - 0x76267000 	C:\Windows\System32\WINTRUST.dll
0x762d0000 - 0x763ca000 	C:\Windows\System32\CRYPT32.dll
0x71f90000 - 0x71f9e000 	C:\Windows\SYSTEM32\MSASN1.dll
0x72800000 - 0x72832000 	C:\Windows\SYSTEM32\IPHLPAPI.DLL
0x76e70000 - 0x76e77000 	C:\Windows\System32\NSI.dll
0x6fdd0000 - 0x6fde4000 	C:\Windows\SYSTEM32\dhcpcsvc6.DLL
0x74b10000 - 0x74b26000 	C:\Windows\SYSTEM32\dhcpcsvc.DLL
0x72840000 - 0x728d1000 	C:\Windows\SYSTEM32\DNSAPI.dll
0x71f50000 - 0x71f71000 	C:\Program Files (x86)\Bonjour\mdnsNSP.dll
0x70ad0000 - 0x70ad8000 	C:\Windows\System32\rasadhlp.dll
0x65ec0000 - 0x65f29000 	D:\Arduino\arduino-1.8.5-windows\Arduino\msvcp100.dll
0x50ee0000 - 0x50f9e000 	D:\Arduino\arduino-1.8.5-windows\Arduino\msvcr100.dll
0x26650000 - 0x26682000 	D:\Arduino\arduino-1.8.5-windows\Arduino\lib\AStylej.dll
0x65ce0000 - 0x65d04000 	D:\Arduino\arduino-1.8.5-windows\Arduino\java\bin\dcpr.dll
0x6e5c0000 - 0x6e731000 	C:\Windows\SYSTEM32\WindowsCodecs.dll
0x697a0000 - 0x697d1000 	C:\Windows\system32\dataexchange.dll
0x695c0000 - 0x697a0000 	C:\Windows\system32\d3d11.dll
0x69450000 - 0x695b5000 	C:\Windows\system32\dcomp.dll
0x699a0000 - 0x69a63000 	C:\Windows\system32\dxgi.dll
0x692c0000 - 0x6944f000 	C:\Windows\system32\twinapi.appcore.dll
0x70ae0000 - 0x70b38000 	C:\Windows\System32\fwpuclnt.dll
0x69200000 - 0x692b9000 	C:\Windows\System32\IME\IMEKR\imkrtip.dll
0x690f0000 - 0x691fa000 	C:\Windows\System32\IME\shared\imetip.dll
0x6b080000 - 0x6b0d3000 	C:\Windows\SYSTEM32\OLEACC.dll
0x68f90000 - 0x690ef000 	C:\Windows\SYSTEM32\DUI70.dll
0x65cc0000 - 0x65ce0000 	D:\Arduino\arduino-1.8.5-windows\Arduino\java\bin\sunec.dll
0x728e0000 - 0x728f3000 	C:\Windows\SYSTEM32\CRYPTSP.dll
0x727d0000 - 0x727ff000 	C:\Windows\system32\rsaenh.dll
0x73be0000 - 0x73c05000 	C:\Windows\SYSTEM32\USERENV.dll
0x74820000 - 0x7482a000 	C:\Windows\SYSTEM32\CRYPTBASE.dll
0x65eb0000 - 0x65eb9000 	D:\Arduino\arduino-1.8.5-windows\Arduino\java\bin\sunmscapi.dll
0x6f000000 - 0x6f188000 	C:\Windows\SYSTEM32\dbghelp.dll

VM Arguments:
jvm_args: -Dsun.java2d.d3d=false -Djna.nosys=true -Djna.nounpack=true -Djna.boot.library.name=jnidispatch-4.2.2-win32-x86 -Djna.boot.library.path=D:\Arduino\arduino-1.8.5-windows\Arduino/lib -Djssc.library.path=D:\Arduino\arduino-1.8.5-windows\Arduino/lib -DAPP_DIR=D:\Arduino\arduino-1.8.5-windows\Arduino -Xms128M -Xmx512M -Dfile.encoding=UTF8 
java_command: processing.app.Base C:\Users\11\Desktop\Controller\Controller.ino
java_class_path (initial): D:\Arduino\arduino-1.8.5-windows\Arduino\lib\apple.jar;D:\Arduino\arduino-1.8.5-windows\Arduino\lib\arduino-core.jar;D:\Arduino\arduino-1.8.5-windows\Arduino\lib\batik-1.8.jar;D:\Arduino\arduino-1.8.5-windows\Arduino\lib\batik-anim-1.8.jar;D:\Arduino\arduino-1.8.5-windows\Arduino\lib\batik-awt-util-1.8.jar;D:\Arduino\arduino-1.8.5-windows\Arduino\lib\batik-bridge-1.8.jar;D:\Arduino\arduino-1.8.5-windows\Arduino\lib\batik-codec-1.8.jar;D:\Arduino\arduino-1.8.5-windows\Arduino\lib\batik-css-1.8.jar;D:\Arduino\arduino-1.8.5-windows\Arduino\lib\batik-dom-1.8.jar;D:\Arduino\arduino-1.8.5-windows\Arduino\lib\batik-ext-1.8.jar;D:\Arduino\arduino-1.8.5-windows\Arduino\lib\batik-gvt-1.8.jar;D:\Arduino\arduino-1.8.5-windows\Arduino\lib\batik-parser-1.8.jar;D:\Arduino\arduino-1.8.5-windows\Arduino\lib\batik-rasterizer-1.8.jar;D:\Arduino\arduino-1.8.5-windows\Arduino\lib\batik-script-1.8.jar;D:\Arduino\arduino-1.8.5-windows\Arduino\lib\batik-squiggle-1.8.jar;D:\Arduino\arduino-1.8.5-windows\Arduino\lib\batik-svg-dom-1.8.jar;D:\Arduino\arduino-1.8.5-windows\Arduino\lib\batik-svgpp-1.8.jar;D:\Arduino\arduino-1.8.5-windows\Arduino\lib\batik-transcoder-1.8.jar;D:\Arduino\arduino-1.8.5-windows\Arduino\lib\batik-util-1.8.jar;D:\Arduino\arduino-1.8.5-windows\Arduino\lib\batik-xml-1.8.jar;D:\Arduino\arduino-1.8.5-windows\Arduino\lib\bcpg-jdk15on-152.jar;D:\Arduino\arduino-1.8.5-windows\Arduino\lib\bcprov-jdk15on-152.jar;D:\Arduino\arduino-1.8.5-windows\Arduino\lib\commons-codec-1.7.jar;D:\Arduino\arduino-1.8.5-windows\Arduino\lib\commons-compress-1.8.jar;D:\Arduino\arduino-1.8.5-windows\Arduino\lib\commons-exec-1.1.jar;D:\Arduino\arduino-1.8.5-windows\Arduino\lib\commons-httpclient-3.1.jar;D:\Arduino\arduino-1.8.5-windows\Arduino\lib\commons-lang3-3.3.2.jar;D:\Arduino\arduino-1.8.5-windows\Arduino\lib\commons-logging-1.0.4.jar;D:\Arduino\arduino-1.8.5-windows\Arduino\lib\commons-net-3.3.jar;D:\Arduino\arduino-1.8.5-windows\Arduino\lib\jackson-annotations-2.
Launcher Type: SUN_STANDARD

Environment Variables:
PATH=C:\Program Files (x86)\NVIDIA Corporation\PhysX\Common;C:\Windows\system32;C:\Windows;C:\Windows\System32\Wbem;C:\Windows\System32\WindowsPowerShell\v1.0\;C:\Windows\System32\OpenSSH\;C:\Program Files\Bandizip\;C:\Program Files (x86)\PuTTY\;C:\Program Files\Microsoft SQL Server\Client SDK\ODBC\110\Tools\Binn\;C:\Program Files (x86)\Microsoft SQL Server\120\Tools\Binn\;C:\Program Files\Microsoft SQL Server\120\Tools\Binn\;C:\Program Files\Microsoft SQL Server\120\DTS\Binn\;C:\Program Files (x86)\Windows Kits\8.1\Windows Performance Toolkit\;C:\Program Files\Git\cmd;C:\Users\11\AppData\Local\Microsoft\WindowsApps;C:\Users\11\AppData\Local\GitHubDesktop\bin;C:\Users\11\AppData\Local\Programs\Microsoft VS Code\bin;D:\Arduino\arduino-1.8.5-windows\Arduino\java\bin
USERNAME=11
OS=Windows_NT
PROCESSOR_IDENTIFIER=Intel64 Family 6 Model 158 Stepping 9, GenuineIntel



---------------  S Y S T E M  ---------------

OS: Windows 10.0 , 64 bit Build 19041 (10.0.19041.1466)

CPU:total 8 (initial active 8) (4 cores per cpu, 2 threads per core) family 6 model 158 stepping 9, cmov, cx8, fxsr, mmx, sse, sse2, sse3, ssse3, sse4.1, sse4.2, popcnt, avx, avx2, aes, clmul, erms, 3dnowpref, lzcnt, ht, tsc, tscinvbit, bmi1, bmi2, adx

Memory: 4k page, physical 16666788k(11668048k free), swap 19157156k(12529760k free)

vm_info: Java HotSpot(TM) Client VM (25.191-b12) for windows-x86 JRE (1.8.0_191-b12), built on Oct  6 2018 08:34:23 by "java_re" with MS VC++ 10.0 (VS2010)

time: Wed Feb 09 22:38:51 2022
elapsed time: 7470 seconds (0d 2h 4m 30s)

